<?xml version="1.0" encoding="UTF-8"?>
<!-- Generated by org.testng.reporters.JUnitXMLReporter -->
<testsuite hostname="HelenaLenovo" ignored="0" name="smoke" tests="3" failures="0" timestamp="2022-05-02T12:48:09 EAT" time="110.64" errors="0">
  <testcase name="googleSearchTest" time="66.851" classname="tests.SearchEnginesTests"/>
  <testcase name="blingSearchTest" time="29.324" classname="tests.SearchEnginesTests"/>
  <testcase name="listPopularSites" time="0.001" classname="tests.SearchEnginesTests"/>
</testsuite> <!-- smoke -->
