<?xml version="1.0" encoding="UTF-8"?>
<!-- Generated by org.testng.reporters.JUnitXMLReporter -->
<testsuite hostname="HelenaLenovo" ignored="0" name="smoke" tests="3" failures="0" timestamp="2022-05-01T19:37:14 EAT" time="60.653" errors="0">
  <testcase name="@BeforeClass initDriver" time="60.469" classname="tests.TestBase">
    <failure type="java.lang.NullPointerException">
      <![CDATA[java.lang.NullPointerException
at core.DriverFactory.getDriver(DriverFactory.java:28)
at tests.TestBase.initDriver(TestBase.java:39)
at java.util.ArrayList.forEach(ArrayList.java:1257)
... Removed 25 stack frames]]>
    </failure>
  </testcase> <!-- @BeforeClass initDriver -->
  <testcase name="@BeforeClass initPages" time="-1.651423033947E9" classname="tests.SearchEnginesTests">
    <skipped/>
  </testcase> <!-- @BeforeClass initPages -->
  <testcase name="googleSearchTest" time="0.0" classname="tests.SearchEnginesTests">
    <skipped/>
  </testcase> <!-- googleSearchTest -->
  <testcase name="blingSearchTest" time="0.0" classname="tests.SearchEnginesTests">
    <skipped/>
  </testcase> <!-- blingSearchTest -->
  <testcase name="listPopularSites" time="0.0" classname="tests.SearchEnginesTests">
    <skipped/>
  </testcase> <!-- listPopularSites -->
</testsuite> <!-- smoke -->
